2023-08-06 04:50:46.314361 - Initialized conversion of CBT489
2023-08-06 04:50:46.783901 - Received CBT.V505.FILE489.PDS from FILE489.XMI 
2023-08-06 04:50:46.786534 - Found $$$#DATE.txt (text/plain) in CBT.V505.FILE489.PDS, moved to PDS/$$$#DATE
2023-08-06 04:50:46.787654 - Found $DOC.txt (text/plain) in CBT.V505.FILE489.PDS, moved to PDS/$DOC
2023-08-06 04:50:46.788646 - Found $INDEX.txt (text/plain) in CBT.V505.FILE489.PDS, moved to PDS/$INDEX
2023-08-06 04:50:46.789506 - Found $INDEX2.txt (text/plain) in CBT.V505.FILE489.PDS, moved to PDS/$INDEX2
2023-08-06 04:50:46.790441 - Found @FILE489.txt (text/plain) in CBT.V505.FILE489.PDS, moved to PDS/@FILE489
2023-08-06 04:50:46.791382 - Found JCI0057B.txt (text/plain) in CBT.V505.FILE489.PDS, moved to PDS/JCI0057B
2023-08-06 04:50:46.792265 - Found JCI57B.txt (text/plain) in CBT.V505.FILE489.PDS, moved to PDS/JCI57B
2023-08-06 04:50:46.793111 - Found MIS0480B.txt (text/plain) in CBT.V505.FILE489.PDS, moved to PDS/MIS0480B
2023-08-06 04:50:46.794086 - Found MIS0485B.txt (text/plain) in CBT.V505.FILE489.PDS, moved to PDS/MIS0485B
2023-08-06 04:50:46.794987 - Found MIS0490B.txt (text/plain) in CBT.V505.FILE489.PDS, moved to PDS/MIS0490B
2023-08-06 04:50:46.795980 - Found MIS0515B.txt (text/plain) in CBT.V505.FILE489.PDS, moved to PDS/MIS0515B
2023-08-06 04:50:46.796786 - Found MIS0580B.txt (text/plain) in CBT.V505.FILE489.PDS, moved to PDS/MIS0580B
2023-08-06 04:50:46.797719 - Found PAP19A6$.txt (text/plain) in CBT.V505.FILE489.PDS, moved to PDS/PAP19A6$
2023-08-06 04:50:46.798638 - Found PXADHOCZ.jcl (text/plain) in CBT.V505.FILE489.PDS, moved to PDS/PXADHOCZ
2023-08-06 04:50:46.799525 - Found SMSAC.txt (text/plain) in CBT.V505.FILE489.PDS, moved to PDS/SMSAC
2023-08-06 04:50:46.800314 - Found SMSACA.txt (text/plain) in CBT.V505.FILE489.PDS, moved to PDS/SMSACA
2023-08-06 04:50:46.801115 - Found SMSAC010.txt (text/plain) in CBT.V505.FILE489.PDS, moved to PDS/SMSAC010
2023-08-06 04:50:46.802065 - Found SMSAJ.txt (text/plain) in CBT.V505.FILE489.PDS, moved to PDS/SMSAJ
2023-08-06 04:50:46.803002 - Found SMSAJ030.txt (text/plain) in CBT.V505.FILE489.PDS, moved to PDS/SMSAJ030
2023-08-06 04:50:46.803953 - Found SMSAJ050.txt (text/plain) in CBT.V505.FILE489.PDS, moved to PDS/SMSAJ050
2023-08-06 04:50:46.804805 - Found SMSAJ052.txt (text/plain) in CBT.V505.FILE489.PDS, moved to PDS/SMSAJ052
2023-08-06 04:50:46.805814 - Found SMSAJ054.txt (text/plain) in CBT.V505.FILE489.PDS, moved to PDS/SMSAJ054
2023-08-06 04:50:46.806738 - Found SMSAJ056.txt (text/plain) in CBT.V505.FILE489.PDS, moved to PDS/SMSAJ056
2023-08-06 04:50:46.807668 - Found SMSAK.txt (text/plain) in CBT.V505.FILE489.PDS, moved to PDS/SMSAK
2023-08-06 04:50:46.808595 - Found SMSAK020.txt (text/plain) in CBT.V505.FILE489.PDS, moved to PDS/SMSAK020
2023-08-06 04:50:46.809430 - Found SMSAK040.txt (text/plain) in CBT.V505.FILE489.PDS, moved to PDS/SMSAK040
2023-08-06 04:50:46.810362 - Found SMSAK050.txt (text/plain) in CBT.V505.FILE489.PDS, moved to PDS/SMSAK050
2023-08-06 04:50:46.811315 - Found SMSAK052.txt (text/plain) in CBT.V505.FILE489.PDS, moved to PDS/SMSAK052
2023-08-06 04:50:46.812162 - Found SMSAK054.txt (text/plain) in CBT.V505.FILE489.PDS, moved to PDS/SMSAK054
2023-08-06 04:50:46.813026 - Found SMSAK056.txt (text/plain) in CBT.V505.FILE489.PDS, moved to PDS/SMSAK056
2023-08-06 04:50:46.814002 - Found SMSARDLY.txt (text/plain) in CBT.V505.FILE489.PDS, moved to PDS/SMSARDLY
2023-08-06 04:50:46.814981 - Found SMSARSPL.txt (text/plain) in CBT.V505.FILE489.PDS, moved to PDS/SMSARSPL
2023-08-06 04:50:46.815810 - Found SMSBDSPL.txt (text/plain) in CBT.V505.FILE489.PDS, moved to PDS/SMSBDSPL
2023-08-06 04:50:46.816624 - Found SMSBFIL.jcl (text/plain) in CBT.V505.FILE489.PDS, moved to PDS/SMSBFIL
2023-08-06 04:50:46.816634 - Found SMSBKUP.bin containing application/octet-stream, moved to PDS/SMSBKUP
2023-08-06 04:50:46.818478 - Found SMSCCCL.txt (text/plain) in CBT.V505.FILE489.PDS, moved to PDS/SMSCCCL
2023-08-06 04:50:46.819476 - Found SMSCHNG.jcl (text/plain) in CBT.V505.FILE489.PDS, moved to PDS/SMSCHNG
2023-08-06 04:50:46.820291 - Found SMSCHN1.txt (text/plain) in CBT.V505.FILE489.PDS, moved to PDS/SMSCHN1
2023-08-06 04:50:46.821106 - Found SMSCHN2.txt (text/plain) in CBT.V505.FILE489.PDS, moved to PDS/SMSCHN2
2023-08-06 04:50:46.822117 - Found SMSCICS.jcl (text/plain) in CBT.V505.FILE489.PDS, moved to PDS/SMSCICS
2023-08-06 04:50:46.823177 - Found SMSCMP01.txt (text/plain) in CBT.V505.FILE489.PDS, moved to PDS/SMSCMP01
2023-08-06 04:50:46.824169 - Found SMSCMP02.txt (text/plain) in CBT.V505.FILE489.PDS, moved to PDS/SMSCMP02
2023-08-06 04:50:46.825082 - Found SMSCNG01.txt (text/plain) in CBT.V505.FILE489.PDS, moved to PDS/SMSCNG01
2023-08-06 04:50:46.826033 - Found SMSCNG02.txt (text/plain) in CBT.V505.FILE489.PDS, moved to PDS/SMSCNG02
2023-08-06 04:50:46.827018 - Found SMSCNG03.txt (text/plain) in CBT.V505.FILE489.PDS, moved to PDS/SMSCNG03
2023-08-06 04:50:46.827843 - Found SMSCNG04.txt (text/plain) in CBT.V505.FILE489.PDS, moved to PDS/SMSCNG04
2023-08-06 04:50:46.828624 - Found SMSCNG05.txt (text/plain) in CBT.V505.FILE489.PDS, moved to PDS/SMSCNG05
2023-08-06 04:50:46.829514 - Found SMSCNG06.txt (text/plain) in CBT.V505.FILE489.PDS, moved to PDS/SMSCNG06
2023-08-06 04:50:46.830489 - Found SMSCNG07.txt (text/plain) in CBT.V505.FILE489.PDS, moved to PDS/SMSCNG07
2023-08-06 04:50:46.831455 - Found SMSCNG08.txt (text/plain) in CBT.V505.FILE489.PDS, moved to PDS/SMSCNG08
2023-08-06 04:50:46.832399 - Found SMSCOMP.jcl (text/plain) in CBT.V505.FILE489.PDS, moved to PDS/SMSCOMP
2023-08-06 04:50:46.832409 - Found SMSCOPY.bin containing application/octet-stream, moved to PDS/SMSCOPY
2023-08-06 04:50:46.834210 - Found SMSC4MXU.txt (text/plain) in CBT.V505.FILE489.PDS, moved to PDS/SMSC4MXU
2023-08-06 04:50:46.835137 - Found SMSDOC.txt (text/plain) in CBT.V505.FILE489.PDS, moved to PDS/SMSDOC
2023-08-06 04:50:46.836039 - Found SMSHMDLY.txt (text/plain) in CBT.V505.FILE489.PDS, moved to PDS/SMSHMDLY
2023-08-06 04:50:46.836894 - Found SMSHMSPL.txt (text/plain) in CBT.V505.FILE489.PDS, moved to PDS/SMSHMSPL
2023-08-06 04:50:46.837790 - Found SMSIPFSP.txt (text/plain) in CBT.V505.FILE489.PDS, moved to PDS/SMSIPFSP
2023-08-06 04:50:46.838657 - Found SMSJES1.jcl (text/plain) in CBT.V505.FILE489.PDS, moved to PDS/SMSJES1
2023-08-06 04:50:46.839520 - Found SMSJES2.jcl (text/plain) in CBT.V505.FILE489.PDS, moved to PDS/SMSJES2
2023-08-06 04:50:46.840384 - Found SMSJOBS.jcl (text/plain) in CBT.V505.FILE489.PDS, moved to PDS/SMSJOBS
2023-08-06 04:50:46.841322 - Found SMSLOAD.jcl (text/plain) in CBT.V505.FILE489.PDS, moved to PDS/SMSLOAD
2023-08-06 04:50:46.841331 - Found SMSMAIL.bin containing application/octet-stream, moved to PDS/SMSMAIL
2023-08-06 04:50:46.843124 - Found SMSMEM.txt (text/plain) in CBT.V505.FILE489.PDS, moved to PDS/SMSMEM
2023-08-06 04:50:46.844064 - Found SMSMIVBK.txt (text/plain) in CBT.V505.FILE489.PDS, moved to PDS/SMSMIVBK
2023-08-06 04:50:46.845004 - Found SMSNOTE.txt (text/plain) in CBT.V505.FILE489.PDS, moved to PDS/SMSNOTE
2023-08-06 04:50:46.845924 - Found SMSOPSPL.txt (text/plain) in CBT.V505.FILE489.PDS, moved to PDS/SMSOPSPL
2023-08-06 04:50:46.846870 - Found SMSOPTRN.txt (text/plain) in CBT.V505.FILE489.PDS, moved to PDS/SMSOPTRN
2023-08-06 04:50:46.847776 - Found SMSPAEZO.txt (text/plain) in CBT.V505.FILE489.PDS, moved to PDS/SMSPAEZO
2023-08-06 04:50:46.848713 - Found SMSPAEZ0.txt (text/plain) in CBT.V505.FILE489.PDS, moved to PDS/SMSPAEZ0
2023-08-06 04:50:46.849592 - Found SMSPAP01.txt (text/plain) in CBT.V505.FILE489.PDS, moved to PDS/SMSPAP01
2023-08-06 04:50:46.850543 - Found SMSPAP02.txt (text/plain) in CBT.V505.FILE489.PDS, moved to PDS/SMSPAP02
2023-08-06 04:50:46.851449 - Found SMSPAP05.txt (text/plain) in CBT.V505.FILE489.PDS, moved to PDS/SMSPAP05
2023-08-06 04:50:46.852365 - Found SMSPAP08.txt (text/plain) in CBT.V505.FILE489.PDS, moved to PDS/SMSPAP08
2023-08-06 04:50:46.853306 - Found SMSPAP10.txt (text/plain) in CBT.V505.FILE489.PDS, moved to PDS/SMSPAP10
2023-08-06 04:50:46.854194 - Found SMSPAP13.txt (text/plain) in CBT.V505.FILE489.PDS, moved to PDS/SMSPAP13
2023-08-06 04:50:46.855159 - Found SMSPAP18.txt (text/plain) in CBT.V505.FILE489.PDS, moved to PDS/SMSPAP18
2023-08-06 04:50:46.856099 - Found SMSPAP24.txt (text/plain) in CBT.V505.FILE489.PDS, moved to PDS/SMSPAP24
2023-08-06 04:50:46.857087 - Found SMSPAP33.txt (text/plain) in CBT.V505.FILE489.PDS, moved to PDS/SMSPAP33
2023-08-06 04:50:46.858020 - Found SMSPCPR2.txt (text/plain) in CBT.V505.FILE489.PDS, moved to PDS/SMSPCPR2
2023-08-06 04:50:46.858938 - Found SMSPRNT.jcl (text/plain) in CBT.V505.FILE489.PDS, moved to PDS/SMSPRNT
2023-08-06 04:50:46.859889 - Found SMSPROVL.txt (text/plain) in CBT.V505.FILE489.PDS, moved to PDS/SMSPROVL
2023-08-06 04:50:46.860818 - Found SMSPULP.txt (text/plain) in CBT.V505.FILE489.PDS, moved to PDS/SMSPULP
2023-08-06 04:50:46.861687 - Found SMSPULT.txt (text/plain) in CBT.V505.FILE489.PDS, moved to PDS/SMSPULT
2023-08-06 04:50:46.862688 - Found SMSPUL05.txt (text/plain) in CBT.V505.FILE489.PDS, moved to PDS/SMSPUL05
2023-08-06 04:50:46.863594 - Found SMSPUL06.txt (text/plain) in CBT.V505.FILE489.PDS, moved to PDS/SMSPUL06
2023-08-06 04:50:46.864541 - Found SMSPUL99.txt (text/plain) in CBT.V505.FILE489.PDS, moved to PDS/SMSPUL99
2023-08-06 04:50:46.865493 - Found SMSREF.jcl (text/plain) in CBT.V505.FILE489.PDS, moved to PDS/SMSREF
2023-08-06 04:50:46.866439 - Found SMSREQ.jcl (text/plain) in CBT.V505.FILE489.PDS, moved to PDS/SMSREQ
2023-08-06 04:50:46.867390 - Found SMSSUT.txt (text/plain) in CBT.V505.FILE489.PDS, moved to PDS/SMSSUT
